<?xml version="1.0" encoding="UTF-8"?>
<testsuite xmlns:xsi="http://www.w3.org/2001/XMLSchema-instance" xsi:noNamespaceSchemaLocation="https://maven.apache.org/surefire/maven-surefire-plugin/xsd/surefire-test-report.xsd" name="com.eschoolmanager.server.GestioSessioUsuariTest" time="8.91" tests="3" errors="0" skipped="0" failures="0">
  <properties>
    <property name="java.specification.version" value="17"/>
    <property name="sun.cpu.isalist" value="amd64"/>
    <property name="sun.jnu.encoding" value="Cp1252"/>
    <property name="java.class.path" value="D:\Usuarios\GA\ESTUDIOS\IOC\PRACTICA\Eclipse\eSchoolManager\server\target\test-classes;D:\Usuarios\GA\ESTUDIOS\IOC\PRACTICA\Eclipse\eSchoolManager\server\target\classes;C:\Users\GA\.m2\repository\junit\junit\4.11\junit-4.11.jar;C:\Users\GA\.m2\repository\org\hamcrest\hamcrest-core\1.3\hamcrest-core-1.3.jar;C:\Users\GA\.m2\repository\mysql\mysql-connector-java\8.0.19\mysql-connector-java-8.0.19.jar;C:\Users\GA\.m2\repository\com\google\protobuf\protobuf-java\3.6.1\protobuf-java-3.6.1.jar;C:\Users\GA\.m2\repository\org\eclipse\persistence\eclipselink\2.5.1\eclipselink-2.5.1.jar;C:\Users\GA\.m2\repository\org\eclipse\persistence\commonj.sdo\2.1.1\commonj.sdo-2.1.1.jar;C:\Users\GA\.m2\repository\org\eclipse\persistence\org.eclipse.persistence.core\2.5.1\org.eclipse.persistence.core-2.5.1.jar;C:\Users\GA\.m2\repository\org\eclipse\persistence\org.eclipse.persistence.asm\2.5.1\org.eclipse.persistence.asm-2.5.1.jar;C:\Users\GA\.m2\repository\org\eclipse\persistence\org.eclipse.persistence.jpa\2.5.1\org.eclipse.persistence.jpa-2.5.1.jar;C:\Users\GA\.m2\repository\org\eclipse\persistence\org.eclipse.persistence.antlr\2.5.1\org.eclipse.persistence.antlr-2.5.1.jar;C:\Users\GA\.m2\repository\org\eclipse\persistence\org.eclipse.persistence.jpa.jpql\2.5.1\org.eclipse.persistence.jpa.jpql-2.5.1.jar;C:\Users\GA\.m2\repository\org\eclipse\persistence\org.eclipse.persistence.moxy\2.5.1\org.eclipse.persistence.moxy-2.5.1.jar;C:\Users\GA\.m2\repository\org\eclipse\persistence\org.eclipse.persistence.sdo\2.5.1\org.eclipse.persistence.sdo-2.5.1.jar;C:\Users\GA\.m2\repository\org\eclipse\persistence\org.eclipse.persistence.oracle\2.5.1\org.eclipse.persistence.oracle-2.5.1.jar;C:\Users\GA\.m2\repository\org\eclipse\persistence\org.eclipse.persistence.oracle.nosql\2.5.1\org.eclipse.persistence.oracle.nosql-2.5.1.jar;C:\Users\GA\.m2\repository\org\eclipse\persistence\org.eclipse.persistence.nosql\2.5.1\org.eclipse.persistence.nosql-2.5.1.jar;C:\Users\GA\.m2\repository\javax\resource\connector-api\1.5\connector-api-1.5.jar;C:\Users\GA\.m2\repository\org\eclipse\persistence\org.eclipse.persistence.jpars\2.5.1\org.eclipse.persistence.jpars-2.5.1.jar;C:\Users\GA\.m2\repository\org\eclipse\persistence\org.eclipse.persistence.dbws\2.5.1\org.eclipse.persistence.dbws-2.5.1.jar;C:\Users\GA\.m2\repository\org\eclipse\persistence\javax.persistence\2.1.0\javax.persistence-2.1.0.jar;C:\Users\GA\.m2\repository\javax\annotation\javax.annotation-api\1.3.2\javax.annotation-api-1.3.2.jar;C:\Users\GA\.m2\repository\org\json\json\20200518\json-20200518.jar;"/>
    <property name="java.vm.vendor" value="Eclipse Adoptium"/>
    <property name="sun.arch.data.model" value="64"/>
    <property name="user.variant" value=""/>
    <property name="java.vendor.url" value="https://adoptium.net/"/>
    <property name="user.timezone" value="Europe/Madrid"/>
    <property name="os.name" value="Windows 10"/>
    <property name="java.vm.specification.version" value="17"/>
    <property name="sun.java.launcher" value="SUN_STANDARD"/>
    <property name="user.country" value="US"/>
    <property name="sun.boot.library.path" value="C:\Users\GA\.p2\pool\plugins\org.eclipse.justj.openjdk.hotspot.jre.full.win32.x86_64_17.0.4.v20221004-1257\jre\bin"/>
    <property name="sun.java.command" value="C:\Users\GA\AppData\Local\Temp\surefire2498996664857461811\surefirebooter17522289351724962609.jar C:\Users\GA\AppData\Local\Temp\surefire2498996664857461811 2022-10-24T02-52-05_093-jvmRun1 surefire1133861966778602543tmp surefire_09492411371195124132tmp"/>
    <property name="jdk.debug" value="release"/>
    <property name="surefire.test.class.path" value="D:\Usuarios\GA\ESTUDIOS\IOC\PRACTICA\Eclipse\eSchoolManager\server\target\test-classes;D:\Usuarios\GA\ESTUDIOS\IOC\PRACTICA\Eclipse\eSchoolManager\server\target\classes;C:\Users\GA\.m2\repository\junit\junit\4.11\junit-4.11.jar;C:\Users\GA\.m2\repository\org\hamcrest\hamcrest-core\1.3\hamcrest-core-1.3.jar;C:\Users\GA\.m2\repository\mysql\mysql-connector-java\8.0.19\mysql-connector-java-8.0.19.jar;C:\Users\GA\.m2\repository\com\google\protobuf\protobuf-java\3.6.1\protobuf-java-3.6.1.jar;C:\Users\GA\.m2\repository\org\eclipse\persistence\eclipselink\2.5.1\eclipselink-2.5.1.jar;C:\Users\GA\.m2\repository\org\eclipse\persistence\commonj.sdo\2.1.1\commonj.sdo-2.1.1.jar;C:\Users\GA\.m2\repository\org\eclipse\persistence\org.eclipse.persistence.core\2.5.1\org.eclipse.persistence.core-2.5.1.jar;C:\Users\GA\.m2\repository\org\eclipse\persistence\org.eclipse.persistence.asm\2.5.1\org.eclipse.persistence.asm-2.5.1.jar;C:\Users\GA\.m2\repository\org\eclipse\persistence\org.eclipse.persistence.jpa\2.5.1\org.eclipse.persistence.jpa-2.5.1.jar;C:\Users\GA\.m2\repository\org\eclipse\persistence\org.eclipse.persistence.antlr\2.5.1\org.eclipse.persistence.antlr-2.5.1.jar;C:\Users\GA\.m2\repository\org\eclipse\persistence\org.eclipse.persistence.jpa.jpql\2.5.1\org.eclipse.persistence.jpa.jpql-2.5.1.jar;C:\Users\GA\.m2\repository\org\eclipse\persistence\org.eclipse.persistence.moxy\2.5.1\org.eclipse.persistence.moxy-2.5.1.jar;C:\Users\GA\.m2\repository\org\eclipse\persistence\org.eclipse.persistence.sdo\2.5.1\org.eclipse.persistence.sdo-2.5.1.jar;C:\Users\GA\.m2\repository\org\eclipse\persistence\org.eclipse.persistence.oracle\2.5.1\org.eclipse.persistence.oracle-2.5.1.jar;C:\Users\GA\.m2\repository\org\eclipse\persistence\org.eclipse.persistence.oracle.nosql\2.5.1\org.eclipse.persistence.oracle.nosql-2.5.1.jar;C:\Users\GA\.m2\repository\org\eclipse\persistence\org.eclipse.persistence.nosql\2.5.1\org.eclipse.persistence.nosql-2.5.1.jar;C:\Users\GA\.m2\repository\javax\resource\connector-api\1.5\connector-api-1.5.jar;C:\Users\GA\.m2\repository\org\eclipse\persistence\org.eclipse.persistence.jpars\2.5.1\org.eclipse.persistence.jpars-2.5.1.jar;C:\Users\GA\.m2\repository\org\eclipse\persistence\org.eclipse.persistence.dbws\2.5.1\org.eclipse.persistence.dbws-2.5.1.jar;C:\Users\GA\.m2\repository\org\eclipse\persistence\javax.persistence\2.1.0\javax.persistence-2.1.0.jar;C:\Users\GA\.m2\repository\javax\annotation\javax.annotation-api\1.3.2\javax.annotation-api-1.3.2.jar;C:\Users\GA\.m2\repository\org\json\json\20200518\json-20200518.jar;"/>
    <property name="sun.cpu.endian" value="little"/>
    <property name="user.home" value="C:\Users\GA"/>
    <property name="user.language" value="en"/>
    <property name="java.specification.vendor" value="Oracle Corporation"/>
    <property name="java.version.date" value="2022-08-12"/>
    <property name="java.home" value="C:\Users\GA\.p2\pool\plugins\org.eclipse.justj.openjdk.hotspot.jre.full.win32.x86_64_17.0.4.v20221004-1257\jre"/>
    <property name="file.separator" value="\"/>
    <property name="style.color" value="always"/>
    <property name="basedir" value="D:\Usuarios\GA\ESTUDIOS\IOC\PRACTICA\Eclipse\eSchoolManager\server"/>
    <property name="java.vm.compressedOopsMode" value="Zero based"/>
    <property name="line.separator" value="&#10;"/>
    <property name="java.vm.specification.vendor" value="Oracle Corporation"/>
    <property name="java.specification.name" value="Java Platform API Specification"/>
    <property name="surefire.real.class.path" value="C:\Users\GA\AppData\Local\Temp\surefire2498996664857461811\surefirebooter17522289351724962609.jar"/>
    <property name="user.script" value=""/>
    <property name="sun.management.compiler" value="HotSpot 64-Bit Tiered Compilers"/>
    <property name="java.runtime.version" value="17.0.4.1+1"/>
    <property name="user.name" value="GA"/>
    <property name="path.separator" value=";"/>
    <property name="os.version" value="10.0"/>
    <property name="java.runtime.name" value="OpenJDK Runtime Environment"/>
    <property name="file.encoding" value="Cp1252"/>
    <property name="java.vm.name" value="OpenJDK 64-Bit Server VM"/>
    <property name="java.vendor.version" value="Temurin-17.0.4.1+1"/>
    <property name="localRepository" value="C:\Users\GA\.m2\repository"/>
    <property name="java.vendor.url.bug" value="https://github.com/adoptium/adoptium-support/issues"/>
    <property name="java.io.tmpdir" value="C:\Users\GA\AppData\Local\Temp\"/>
    <property name="java.version" value="17.0.4.1"/>
    <property name="user.dir" value="D:\Usuarios\GA\ESTUDIOS\IOC\PRACTICA\Eclipse\eSchoolManager\server"/>
    <property name="os.arch" value="amd64"/>
    <property name="java.vm.specification.name" value="Java Virtual Machine Specification"/>
    <property name="sun.os.patch.level" value=""/>
    <property name="native.encoding" value="Cp1252"/>
    <property name="java.library.path" value="C:\Users\GA\.p2\pool\plugins\org.eclipse.justj.openjdk.hotspot.jre.full.win32.x86_64_17.0.4.v20221004-1257\jre\bin;C:\WINDOWS\Sun\Java\bin;C:\WINDOWS\system32;C:\WINDOWS;C:/Users/GA/.p2/pool/plugins/org.eclipse.justj.openjdk.hotspot.jre.full.win32.x86_64_17.0.4.v20221004-1257/jre/bin/server;C:/Users/GA/.p2/pool/plugins/org.eclipse.justj.openjdk.hotspot.jre.full.win32.x86_64_17.0.4.v20221004-1257/jre/bin;C:\Users\Admin\AppData\Local\Microsoft\WindowsApps;C:\Users\Admin\.dotnet\tools;D:\Archivos de programa\PyCharm Community Edition 2022.1\bin;C:\Program Files\Docker\Docker\resources\bin;D:\Archivos de programa\Java\jdk-13.0.1\bin;C:\Windows\System32;C:\Program Files\WireGuard\;C:\Users\GA\AppData\Local\Programs\Python\Python37\Scripts\;C:\Users\GA\AppData\Local\Programs\Python\Python37\;C:\Users\GA\AppData\Local\Microsoft\WindowsApps;C:\Users\GA\AppData\Local\Programs\Microsoft VS Code\bin;D:\Archivos de programa\Git\cmd;C:\Users\GA\AppData\Roaming\npm;C:\WINDOWS\System32;;."/>
    <property name="java.vm.info" value="mixed mode"/>
    <property name="java.vendor" value="Eclipse Adoptium"/>
    <property name="java.vm.version" value="17.0.4.1+1"/>
    <property name="sun.io.unicode.encoding" value="UnicodeLittle"/>
    <property name="java.class.version" value="61.0"/>
  </properties>
  <testcase name="provaLoginUsuariContrasenyaIncorrectes" classname="com.eschoolmanager.server.GestioSessioUsuariTest" time="3.849"/>
  <testcase name="provaLoginUsuariContrasenyaCorrectes" classname="com.eschoolmanager.server.GestioSessioUsuariTest" time="2.632"/>
  <testcase name="provaLoginUsuariDadesIncompletes" classname="com.eschoolmanager.server.GestioSessioUsuariTest" time="2.412"/>
</testsuite>